May 07, 2022 8:10:25 PM org.apache.catalina.core.ApplicationContext log
INFO: ContextListener: contextInitialized()
May 07, 2022 8:10:25 PM org.apache.catalina.core.ApplicationContext log
INFO: SessionListener: contextInitialized()
May 07, 2022 8:10:25 PM org.apache.catalina.core.ApplicationContext log
INFO: ContextListener: attributeAdded('StockTicker', 'async.Stockticker@1dbc41a')
May 07, 2022 8:10:25 PM org.apache.catalina.core.ApplicationContext log
INFO: ContextListener: attributeAdded('org.apache.jasper.compiler.TldLocationsCache', 'org.apache.jasper.compiler.TldLocationsCache@b03ef0')
May 07, 2022 8:10:51 PM org.apache.catalina.core.ApplicationContext log
INFO: ContextListener: contextInitialized()
May 07, 2022 8:10:51 PM org.apache.catalina.core.ApplicationContext log
INFO: SessionListener: contextInitialized()
May 07, 2022 8:10:51 PM org.apache.catalina.core.ApplicationContext log
INFO: ContextListener: attributeAdded('StockTicker', 'async.Stockticker@4b1e3')
May 07, 2022 8:10:51 PM org.apache.catalina.core.ApplicationContext log
INFO: ContextListener: attributeAdded('org.apache.jasper.compiler.TldLocationsCache', 'org.apache.jasper.compiler.TldLocationsCache@1ae1fcb')
May 07, 2022 8:10:52 PM org.apache.catalina.core.ApplicationContext log
INFO: SessionListener: contextDestroyed()
May 07, 2022 8:10:52 PM org.apache.catalina.core.ApplicationContext log
INFO: ContextListener: contextDestroyed()
